<?xml version="1.0" encoding="UTF-8"?>
<coverage generated="1645716361772" clover="3.2.0">
  <project timestamp="1645716361772" name="All files">
    <metrics statements="8" coveredstatements="8" conditionals="2" coveredconditionals="1" methods="7" coveredmethods="7" elements="17" coveredelements="16" complexity="0" loc="8" ncloc="8" packages="1" files="2" classes="2"/>
    <file name="taskList.js" path="D:\Develoment Career\Microverse\Microverse-Projects\Module-2\todo-list\src\modules\taskList.js">
      <metrics statements="6" coveredstatements="6" conditionals="2" coveredconditionals="1" methods="6" coveredmethods="6"/>
      <line num="3" count="1" type="stmt"/>
      <line num="7" count="2" type="stmt"/>
      <line num="11" count="2" type="stmt"/>
      <line num="15" count="1" type="cond" truecount="1" falsecount="1"/>
      <line num="16" count="1" type="stmt"/>
      <line num="17" count="1" type="stmt"/>
    </file>
    <file name="updateTask.js" path="D:\Develoment Career\Microverse\Microverse-Projects\Module-2\todo-list\src\modules\updateTask.js">
      <metrics statements="2" coveredstatements="2" conditionals="0" coveredconditionals="0" methods="1" coveredmethods="1"/>
      <line num="1" count="1" type="stmt"/>
      <line num="2" count="2" type="stmt"/>
    </file>
  </project>
</coverage>
