{"D:\\Develoment Career\\Microverse\\Microverse-Projects\\Module-2\\todo-list\\src\\modules\\taskList.js": {"path":"D:\\Develoment Career\\Microverse\\Microverse-Projects\\Module-2\\todo-list\\src\\modules\\taskList.js","statementMap":{"0":{"start":{"line":3,"column":4},"end":{"line":3,"column":22}},"1":{"start":{"line":7,"column":4},"end":{"line":7,"column":28}},"2":{"start":{"line":11,"column":4},"end":{"line":11,"column":77}},"3":{"start":{"line":11,"column":49},"end":{"line":11,"column":75}},"4":{"start":{"line":15,"column":4},"end":{"line":19,"column":5}},"5":{"start":{"line":16,"column":6},"end":{"line":18,"column":9}},"6":{"start":{"line":17,"column":8},"end":{"line":17,"column":27}}},"fnMap":{"0":{"name":"(anonymous_0)","decl":{"start":{"line":2,"column":2},"end":{"line":2,"column":3}},"loc":{"start":{"line":2,"column":16},"end":{"line":4,"column":3}},"line":2},"1":{"name":"(anonymous_1)","decl":{"start":{"line":6,"column":2},"end":{"line":6,"column":3}},"loc":{"start":{"line":6,"column":15},"end":{"line":8,"column":3}},"line":6},"2":{"name":"(anonymous_2)","decl":{"start":{"line":10,"column":2},"end":{"line":10,"column":3}},"loc":{"start":{"line":10,"column":18},"end":{"line":12,"column":3}},"line":10},"3":{"name":"(anonymous_3)","decl":{"start":{"line":11,"column":39},"end":{"line":11,"column":40}},"loc":{"start":{"line":11,"column":49},"end":{"line":11,"column":75}},"line":11},"4":{"name":"(anonymous_4)","decl":{"start":{"line":14,"column":2},"end":{"line":14,"column":3}},"loc":{"start":{"line":14,"column":15},"end":{"line":20,"column":3}},"line":14},"5":{"name":"(anonymous_5)","decl":{"start":{"line":16,"column":27},"end":{"line":16,"column":28}},"loc":{"start":{"line":16,"column":40},"end":{"line":18,"column":7}},"line":16}},"branchMap":{"0":{"loc":{"start":{"line":15,"column":4},"end":{"line":19,"column":5}},"type":"if","locations":[{"start":{"line":15,"column":4},"end":{"line":19,"column":5}},{"start":{},"end":{}}],"line":15}},"s":{"0":1,"1":2,"2":1,"3":2,"4":1,"5":1,"6":1},"f":{"0":1,"1":2,"2":1,"3":2,"4":1,"5":1},"b":{"0":[1,0]},"_coverageSchema":"1a1c01bbd47fc00a2c39e90264f33305004495a9","hash":"dd4d33e1f7198564396fc755ffbc0cdd6c47f7f9"}
}
